2015-02-16 19:23:32,392 - [INFO] - from play in pool-4-thread-1 
Listening for HTTP on /0:0:0:0:0:0:0:0:9000

2015-02-17 11:24:55,905 - [INFO] - from play in play-akka.actor.default-dispatcher-9 
Starting application default Akka system.

2015-02-17 11:24:56,030 - [INFO] - from play in main 
Shutdown application default Akka system.

2015-02-17 11:33:11,302 - [INFO] - from play in play-akka.actor.default-dispatcher-2 
Starting application default Akka system.

2015-02-17 11:33:11,380 - [INFO] - from play in main 
Shutdown application default Akka system.

2015-02-17 11:54:54,043 - [INFO] - from play in play-akka.actor.default-dispatcher-9 
Starting application default Akka system.

2015-02-17 11:54:54,247 - [INFO] - from play in main 
Shutdown application default Akka system.

2015-02-17 11:56:18,092 - [INFO] - from play in play-akka.actor.default-dispatcher-9 
Starting application default Akka system.

2015-02-17 11:56:18,170 - [INFO] - from play in main 
Shutdown application default Akka system.

2015-02-17 11:57:19,093 - [INFO] - from play in play-akka.actor.default-dispatcher-8 
Starting application default Akka system.

2015-02-17 11:57:19,186 - [INFO] - from play in main 
Shutdown application default Akka system.

